# JRE version: OpenJDK Runtime Environment (8.0_76-b03) (build 1.8.0_76-release-b03)
# Java VM: OpenJDK 64-Bit Server VM (25.76-b03 mixed mode linux-amd64 compressed oops)
Heap:
 PSYoungGen      total 1031680K, used 58769K [0x000000076ab00000, 0x00000007c0000000, 0x00000007c0000000)
  eden space 837632K, 0% used [0x000000076ab00000,0x000000076ab00000,0x000000079dd00000)
  from space 194048K, 30% used [0x000000079dd00000,0x00000007a1664700,0x00000007a9a80000)
  to   space 200192K, 0% used [0x00000007b3c80000,0x00000007b3c80000,0x00000007c0000000)
 ParOldGen       total 663552K, used 663251K [0x00000006c0000000, 0x00000006e8800000, 0x000000076ab00000)
  object space 663552K, 99% used [0x00000006c0000000,0x00000006e87b4f18,0x00000006e8800000)
 Metaspace       used 6563K, capacity 7280K, committed 7552K, reserved 1056768K
  class space    used 597K, capacity 616K, committed 640K, reserved 1048576K
GC Heap History (10 events):
Event: 11,215 GC heap after
Heap after GC invocations=15 (full 3):
 PSYoungGen      total 815104K, used 125929K [0x000000076ab00000, 0x00000007a7580000, 0x00000007c0000000)
  eden space 689152K, 0% used [0x000000076ab00000,0x000000076ab00000,0x0000000794c00000)
  from space 125952K, 99% used [0x000000079fa80000,0x00000007a757a678,0x00000007a7580000)
  to   space 148480K, 0% used [0x0000000795380000,0x0000000795380000,0x000000079e480000)
 ParOldGen       total 430080K, used 270879K [0x00000006c0000000, 0x00000006da400000, 0x000000076ab00000)
  object space 430080K, 62% used [0x00000006c0000000,0x00000006d0887ce0,0x00000006da400000)
 Metaspace       used 6550K, capacity 7280K, committed 7552K, reserved 1056768K
  class space    used 596K, capacity 616K, committed 640K, reserved 1048576K
}
Event: 12,391 GC heap before
{Heap before GC invocations=16 (full 3):
 PSYoungGen      total 815104K, used 815081K [0x000000076ab00000, 0x00000007a7580000, 0x00000007c0000000)
  eden space 689152K, 100% used [0x000000076ab00000,0x0000000794c00000,0x0000000794c00000)
  from space 125952K, 99% used [0x000000079fa80000,0x00000007a757a678,0x00000007a7580000)
  to   space 148480K, 0% used [0x0000000795380000,0x0000000795380000,0x000000079e480000)
 ParOldGen       total 430080K, used 270879K [0x00000006c0000000, 0x00000006da400000, 0x000000076ab00000)
  object space 430080K, 62% used [0x00000006c0000000,0x00000006d0887ce0,0x00000006da400000)
 Metaspace       used 6550K, capacity 7280K, committed 7552K, reserved 1056768K
  class space    used 596K, capacity 616K, committed 640K, reserved 1048576K
Event: 13,959 GC heap after
Heap after GC invocations=16 (full 3):
 PSYoungGen      total 845312K, used 109980K [0x000000076ab00000, 0x00000007b3700000, 0x00000007c0000000)
  eden space 696832K, 0% used [0x000000076ab00000,0x000000076ab00000,0x0000000795380000)
  from space 148480K, 74% used [0x0000000795380000,0x000000079bee7220,0x000000079e480000)
  to   space 160256K, 0% used [0x00000007a9a80000,0x00000007a9a80000,0x00000007b3700000)
 ParOldGen       total 430080K, used 394784K [0x00000006c0000000, 0x00000006da400000, 0x000000076ab00000)
  object space 430080K, 91% used [0x00000006c0000000,0x00000006d8188080,0x00000006da400000)
 Metaspace       used 6550K, capacity 7280K, committed 7552K, reserved 1056768K
  class space    used 596K, capacity 616K, committed 640K, reserved 1048576K
}
Event: 13,959 GC heap before
{Heap before GC invocations=17 (full 4):
 PSYoungGen      total 845312K, used 109980K [0x000000076ab00000, 0x00000007b3700000, 0x00000007c0000000)
  eden space 696832K, 0% used [0x000000076ab00000,0x000000076ab00000,0x0000000795380000)
  from space 148480K, 74% used [0x0000000795380000,0x000000079bee7220,0x000000079e480000)
  to   space 160256K, 0% used [0x00000007a9a80000,0x00000007a9a80000,0x00000007b3700000)
 ParOldGen       total 430080K, used 394784K [0x00000006c0000000, 0x00000006da400000, 0x000000076ab00000)
  object space 430080K, 91% used [0x00000006c0000000,0x00000006d8188080,0x00000006da400000)
 Metaspace       used 6550K, capacity 7280K, committed 7552K, reserved 1056768K
  class space    used 596K, capacity 616K, committed 640K, reserved 1048576K
Event: 16,149 GC heap after
Heap after GC invocations=17 (full 4):
 PSYoungGen      total 845312K, used 71541K [0x000000076ab00000, 0x00000007b3700000, 0x00000007c0000000)
  eden space 696832K, 0% used [0x000000076ab00000,0x000000076ab00000,0x0000000795380000)
  from space 148480K, 48% used [0x0000000795380000,0x000000079995d418,0x000000079e480000)
  to   space 160256K, 0% used [0x00000007a9a80000,0x00000007a9a80000,0x00000007b3700000)
 ParOldGen       total 663552K, used 429590K [0x00000006c0000000, 0x00000006e8800000, 0x000000076ab00000)
  object space 663552K, 64% used [0x00000006c0000000,0x00000006da385b58,0x00000006e8800000)
 Metaspace       used 6550K, capacity 7280K, committed 7552K, reserved 1056768K
  class space    used 596K, capacity 616K, committed 640K, reserved 1048576K
}
Event: 17,166 GC heap before
{Heap before GC invocations=18 (full 4):
 PSYoungGen      total 845312K, used 768373K [0x000000076ab00000, 0x00000007b3700000, 0x00000007c0000000)
  eden space 696832K, 100% used [0x000000076ab00000,0x0000000795380000,0x0000000795380000)
  from space 148480K, 48% used [0x0000000795380000,0x000000079995d418,0x000000079e480000)
  to   space 160256K, 0% used [0x00000007a9a80000,0x00000007a9a80000,0x00000007b3700000)
 ParOldGen       total 663552K, used 429590K [0x00000006c0000000, 0x00000006e8800000, 0x000000076ab00000)
  object space 663552K, 64% used [0x00000006c0000000,0x00000006da385b58,0x00000006e8800000)
 Metaspace       used 6563K, capacity 7280K, committed 7552K, reserved 1056768K
  class space    used 597K, capacity 616K, committed 640K, reserved 1048576K
Event: 18,712 GC heap after
Heap after GC invocations=18 (full 4):
 PSYoungGen      total 997888K, used 160244K [0x000000076ab00000, 0x00000007b8900000, 0x00000007c0000000)
  eden space 837632K, 0% used [0x000000076ab00000,0x000000076ab00000,0x000000079dd00000)
  from space 160256K, 99% used [0x00000007a9a80000,0x00000007b36fd110,0x00000007b3700000)
  to   space 194048K, 0% used [0x000000079dd00000,0x000000079dd00000,0x00000007a9a80000)
 ParOldGen       total 663552K, used 447281K [0x00000006c0000000, 0x00000006e8800000, 0x000000076ab00000)
  object space 663552K, 67% used [0x00000006c0000000,0x00000006db4cc560,0x00000006e8800000)
 Metaspace       used 6563K, capacity 7280K, committed 7552K, reserved 1056768K
  class space    used 597K, capacity 616K, committed 640K, reserved 1048576K
}
Event: 20,251 GC heap before
{Heap before GC invocations=19 (full 4):
 PSYoungGen      total 997888K, used 997876K [0x000000076ab00000, 0x00000007b8900000, 0x00000007c0000000)
  eden space 837632K, 100% used [0x000000076ab00000,0x000000079dd00000,0x000000079dd00000)
  from space 160256K, 99% used [0x00000007a9a80000,0x00000007b36fd110,0x00000007b3700000)
  to   space 194048K, 0% used [0x000000079dd00000,0x000000079dd00000,0x00000007a9a80000)
 ParOldGen       total 663552K, used 447281K [0x00000006c0000000, 0x00000006e8800000, 0x000000076ab00000)
  object space 663552K, 67% used [0x00000006c0000000,0x00000006db4cc560,0x00000006e8800000)
 Metaspace       used 6563K, capacity 7280K, committed 7552K, reserved 1056768K
  class space    used 597K, capacity 616K, committed 640K, reserved 1048576K
Event: 20,970 GC heap after
Heap after GC invocations=19 (full 4):
 PSYoungGen      total 1031680K, used 120584K [0x000000076ab00000, 0x00000007c0000000, 0x00000007c0000000)
  eden space 837632K, 0% used [0x000000076ab00000,0x000000076ab00000,0x000000079dd00000)
  from space 194048K, 62% used [0x000000079dd00000,0x00000007a52c20f0,0x00000007a9a80000)
  to   space 200192K, 0% used [0x00000007b3c80000,0x00000007b3c80000,0x00000007c0000000)
 ParOldGen       total 663552K, used 608307K [0x00000006c0000000, 0x00000006e8800000, 0x000000076ab00000)
  object space 663552K, 91% used [0x00000006c0000000,0x00000006e520cc50,0x00000006e8800000)
 Metaspace       used 6563K, capacity 7280K, committed 7552K, reserved 1056768K
  class space    used 597K, capacity 616K, committed 640K, reserved 1048576K
}
Event: 20,970 GC heap before
{Heap before GC invocations=20 (full 5):
 PSYoungGen      total 1031680K, used 120584K [0x000000076ab00000, 0x00000007c0000000, 0x00000007c0000000)
  eden space 837632K, 0% used [0x000000076ab00000,0x000000076ab00000,0x000000079dd00000)
  from space 194048K, 62% used [0x000000079dd00000,0x00000007a52c20f0,0x00000007a9a80000)
  to   space 200192K, 0% used [0x00000007b3c80000,0x00000007b3c80000,0x00000007c0000000)
 ParOldGen       total 663552K, used 608307K [0x00000006c0000000, 0x00000006e8800000, 0x000000076ab00000)
  object space 663552K, 91% used [0x00000006c0000000,0x00000006e520cc50,0x00000006e8800000)
 Metaspace       used 6563K, capacity 7280K, committed 7552K, reserved 1056768K
  class space    used 597K, capacity 616K, committed 640K, reserved 1048576K

