# JRE version: OpenJDK Runtime Environment (8.0_76-b03) (build 1.8.0_76-release-b03)
# Java VM: OpenJDK 64-Bit Server VM (25.76-b03 mixed mode linux-amd64 compressed oops)
Heap:
 PSYoungGen      total 954368K, used 0K [0x000000076ab00000, 0x00000007bb400000, 0x00000007c0000000)
  eden space 698880K, 0% used [0x000000076ab00000,0x000000076ab00000,0x0000000795580000)
  from space 255488K, 0% used [0x00000007a6280000,0x00000007a6280000,0x00000007b5c00000)
  to   space 275456K, 0% used [0x0000000795580000,0x0000000795580000,0x00000007a6280000)
 ParOldGen       total 976896K, used 933791K [0x00000006c0000000, 0x00000006fba00000, 0x000000076ab00000)
  object space 976896K, 95% used [0x00000006c0000000,0x00000006f8fe7e88,0x00000006fba00000)
 Metaspace       used 6936K, capacity 7540K, committed 7808K, reserved 1056768K
  class space    used 616K, capacity 620K, committed 640K, reserved 1048576K
GC Heap History (10 events):
Event: 34,415 GC heap after
Heap after GC invocations=24 (full 5):
 PSYoungGen      total 737792K, used 77450K [0x000000076ab00000, 0x00000007ad400000, 0x00000007c0000000)
  eden space 579072K, 0% used [0x000000076ab00000,0x000000076ab00000,0x000000078e080000)
  from space 158720K, 48% used [0x000000079b480000,0x00000007a00228d8,0x00000007a4f80000)
  to   space 217088K, 0% used [0x000000078e080000,0x000000078e080000,0x000000079b480000)
 ParOldGen       total 976896K, used 687541K [0x00000006c0000000, 0x00000006fba00000, 0x000000076ab00000)
  object space 976896K, 70% used [0x00000006c0000000,0x00000006e9f6d478,0x00000006fba00000)
 Metaspace       used 6591K, capacity 7280K, committed 7552K, reserved 1056768K
  class space    used 596K, capacity 616K, committed 640K, reserved 1048576K
}
Event: 35,479 GC heap before
{Heap before GC invocations=25 (full 5):
 PSYoungGen      total 737792K, used 656522K [0x000000076ab00000, 0x00000007ad400000, 0x00000007c0000000)
  eden space 579072K, 100% used [0x000000076ab00000,0x000000078e080000,0x000000078e080000)
  from space 158720K, 48% used [0x000000079b480000,0x00000007a00228d8,0x00000007a4f80000)
  to   space 217088K, 0% used [0x000000078e080000,0x000000078e080000,0x000000079b480000)
 ParOldGen       total 976896K, used 687541K [0x00000006c0000000, 0x00000006fba00000, 0x000000076ab00000)
  object space 976896K, 70% used [0x00000006c0000000,0x00000006e9f6d478,0x00000006fba00000)
 Metaspace       used 6591K, capacity 7280K, committed 7552K, reserved 1056768K
  class space    used 596K, capacity 616K, committed 640K, reserved 1048576K
Event: 35,703 GC heap after
Heap after GC invocations=25 (full 5):
 PSYoungGen      total 796160K, used 103053K [0x000000076ab00000, 0x00000007acd00000, 0x00000007c0000000)
  eden space 579072K, 0% used [0x000000076ab00000,0x000000076ab00000,0x000000078e080000)
  from space 217088K, 47% used [0x000000078e080000,0x0000000794523480,0x000000079b480000)
  to   space 212480K, 0% used [0x000000079fd80000,0x000000079fd80000,0x00000007acd00000)
 ParOldGen       total 976896K, used 757547K [0x00000006c0000000, 0x00000006fba00000, 0x000000076ab00000)
  object space 976896K, 77% used [0x00000006c0000000,0x00000006ee3cae30,0x00000006fba00000)
 Metaspace       used 6591K, capacity 7280K, committed 7552K, reserved 1056768K
  class space    used 596K, capacity 616K, committed 640K, reserved 1048576K
}
Event: 38,894 GC heap before
{Heap before GC invocations=26 (full 5):
 PSYoungGen      total 796160K, used 682125K [0x000000076ab00000, 0x00000007acd00000, 0x00000007c0000000)
  eden space 579072K, 100% used [0x000000076ab00000,0x000000078e080000,0x000000078e080000)
  from space 217088K, 47% used [0x000000078e080000,0x0000000794523480,0x000000079b480000)
  to   space 212480K, 0% used [0x000000079fd80000,0x000000079fd80000,0x00000007acd00000)
 ParOldGen       total 976896K, used 757547K [0x00000006c0000000, 0x00000006fba00000, 0x000000076ab00000)
  object space 976896K, 77% used [0x00000006c0000000,0x00000006ee3cae30,0x00000006fba00000)
 Metaspace       used 6591K, capacity 7280K, committed 7552K, reserved 1056768K
  class space    used 596K, capacity 616K, committed 640K, reserved 1048576K
Event: 39,000 GC heap after
Heap after GC invocations=26 (full 5):
 PSYoungGen      total 854528K, used 125639K [0x000000076ab00000, 0x00000007ac800000, 0x00000007c0000000)
  eden space 647168K, 0% used [0x000000076ab00000,0x000000076ab00000,0x0000000792300000)
  from space 207360K, 60% used [0x000000079fd80000,0x00000007a7831e40,0x00000007ac800000)
  to   space 215552K, 0% used [0x0000000792300000,0x0000000792300000,0x000000079f580000)
 ParOldGen       total 976896K, used 757547K [0x00000006c0000000, 0x00000006fba00000, 0x000000076ab00000)
  object space 976896K, 77% used [0x00000006c0000000,0x00000006ee3cae30,0x00000006fba00000)
 Metaspace       used 6591K, capacity 7280K, committed 7552K, reserved 1056768K
  class space    used 596K, capacity 616K, committed 640K, reserved 1048576K
}
Event: 40,833 GC heap before
{Heap before GC invocations=27 (full 5):
 PSYoungGen      total 854528K, used 772807K [0x000000076ab00000, 0x00000007ac800000, 0x00000007c0000000)
  eden space 647168K, 100% used [0x000000076ab00000,0x0000000792300000,0x0000000792300000)
  from space 207360K, 60% used [0x000000079fd80000,0x00000007a7831e40,0x00000007ac800000)
  to   space 215552K, 0% used [0x0000000792300000,0x0000000792300000,0x000000079f580000)
 ParOldGen       total 976896K, used 757547K [0x00000006c0000000, 0x00000006fba00000, 0x000000076ab00000)
  object space 976896K, 77% used [0x00000006c0000000,0x00000006ee3cae30,0x00000006fba00000)
 Metaspace       used 6697K, capacity 7346K, committed 7552K, reserved 1056768K
  class space    used 603K, capacity 618K, committed 640K, reserved 1048576K
Event: 41,027 GC heap after
Heap after GC invocations=27 (full 5):
 PSYoungGen      total 862720K, used 215550K [0x000000076ab00000, 0x00000007b5c00000, 0x00000007c0000000)
  eden space 647168K, 0% used [0x000000076ab00000,0x000000076ab00000,0x0000000792300000)
  from space 215552K, 99% used [0x0000000792300000,0x000000079f57fbe8,0x000000079f580000)
  to   space 255488K, 0% used [0x00000007a6280000,0x00000007a6280000,0x00000007b5c00000)
 ParOldGen       total 976896K, used 770228K [0x00000006c0000000, 0x00000006fba00000, 0x000000076ab00000)
  object space 976896K, 78% used [0x00000006c0000000,0x00000006ef02d168,0x00000006fba00000)
 Metaspace       used 6697K, capacity 7346K, committed 7552K, reserved 1056768K
  class space    used 603K, capacity 618K, committed 640K, reserved 1048576K
}
Event: 42,786 GC heap before
{Heap before GC invocations=28 (full 5):
 PSYoungGen      total 862720K, used 862718K [0x000000076ab00000, 0x00000007b5c00000, 0x00000007c0000000)
  eden space 647168K, 100% used [0x000000076ab00000,0x0000000792300000,0x0000000792300000)
  from space 215552K, 99% used [0x0000000792300000,0x000000079f57fbe8,0x000000079f580000)
  to   space 255488K, 0% used [0x00000007a6280000,0x00000007a6280000,0x00000007b5c00000)
 ParOldGen       total 976896K, used 770228K [0x00000006c0000000, 0x00000006fba00000, 0x000000076ab00000)
  object space 976896K, 78% used [0x00000006c0000000,0x00000006ef02d168,0x00000006fba00000)
 Metaspace       used 6936K, capacity 7540K, committed 7808K, reserved 1056768K
  class space    used 616K, capacity 620K, committed 640K, reserved 1048576K
Event: 49,544 GC heap after
Heap after GC invocations=28 (full 5):
 PSYoungGen      total 954368K, used 196010K [0x000000076ab00000, 0x00000007bb400000, 0x00000007c0000000)
  eden space 698880K, 0% used [0x000000076ab00000,0x000000076ab00000,0x0000000795580000)
  from space 255488K, 76% used [0x00000007a6280000,0x00000007b21eaa70,0x00000007b5c00000)
  to   space 275456K, 0% used [0x0000000795580000,0x0000000795580000,0x00000007a6280000)
 ParOldGen       total 976896K, used 893536K [0x00000006c0000000, 0x00000006fba00000, 0x000000076ab00000)
  object space 976896K, 91% used [0x00000006c0000000,0x00000006f6898350,0x00000006fba00000)
 Metaspace       used 6936K, capacity 7540K, committed 7808K, reserved 1056768K
  class space    used 616K, capacity 620K, committed 640K, reserved 1048576K
}
Event: 50,145 GC heap before
{Heap before GC invocations=29 (full 6):
 PSYoungGen      total 954368K, used 196010K [0x000000076ab00000, 0x00000007bb400000, 0x00000007c0000000)
  eden space 698880K, 0% used [0x000000076ab00000,0x000000076ab00000,0x0000000795580000)
  from space 255488K, 76% used [0x00000007a6280000,0x00000007b21eaa70,0x00000007b5c00000)
  to   space 275456K, 0% used [0x0000000795580000,0x0000000795580000,0x00000007a6280000)
 ParOldGen       total 976896K, used 893536K [0x00000006c0000000, 0x00000006fba00000, 0x000000076ab00000)
  object space 976896K, 91% used [0x00000006c0000000,0x00000006f6898350,0x00000006fba00000)
 Metaspace       used 6936K, capacity 7540K, committed 7808K, reserved 1056768K
  class space    used 616K, capacity 620K, committed 640K, reserved 1048576K

